<?xml version="1.0" encoding="UTF-8"?>
<robot generator="Robot 6.1.1 (Python 3.11.4 on win32)" generated="20230915 12:31:00.011" rpa="false" schemaversion="4">
<suite id="s1" name="Mark85-Robot-Express" source="C:\QAx\projects\mark85-robot-express">
<suite id="s1-s1" name="Tests" source="C:\QAx\projects\mark85-robot-express\tests">
<suite id="s1-s1-s1" name="Tasks" source="C:\QAx\projects\mark85-robot-express\tests\tasks">
<suite id="s1-s1-s1-s1" name="Create" source="C:\QAx\projects\mark85-robot-express\tests\tasks\create.robot">
<test id="s1-s1-s1-s1-t1" name="Deve pode cadastar uma nova tarefa" line="10">
<kw name="Start sessions" library="base" type="SETUP">
<kw name="New Browser" library="Browser">
<arg>browser=chromium</arg>
<arg>headless=False</arg>
<tag>BrowserControl</tag>
<tag>Setter</tag>
<doc>Create a new playwright Browser with specified options.</doc>
<msg timestamp="20230915 12:31:01.282" level="INFO">{"browser": "chromium", "headless": false, "chromiumSandbox": false, "devtools": false, "handleSIGHUP": true, "handleSIGINT": true, "handleSIGTERM": true, "slowMo": 0.0, "timeout": 30000.0, "tracesDir": "C:\\QAx\\projects\\mark85-robot-express\\results\\browser\\traces\\48609e75-156c-4945-a19d-15cb0b88d6d1"}</msg>
<msg timestamp="20230915 12:31:01.517" level="INFO">Successfully created browser with options: {"browser":"chromium","headless":false,"chromiumSandbox":false,"devtools":false,"handleSIGHUP":true,"handleSIGINT":true,"handleSIGTERM":true,"slowMo":0,"timeout":30000,"tracesDir":"C:\\QAx\\projects\\mark85-robot-express\\results\\browser\\traces\\48609e75-156c-4945-a19d-15cb0b88d6d1"}</msg>
<status status="PASS" starttime="20230915 12:31:01.282" endtime="20230915 12:31:01.518"/>
</kw>
<kw name="New Page" library="Browser">
<arg>${BASE_URL}</arg>
<tag>BrowserControl</tag>
<tag>Setter</tag>
<doc>Open a new Page.</doc>
<msg timestamp="20230915 12:31:01.966" level="INFO">Successfully initialized new page object and opened url: http://localhost:3000</msg>
<msg timestamp="20230915 12:31:01.966" level="INFO">No context was open. New context was automatically opened when this page is created.</msg>
<status status="PASS" starttime="20230915 12:31:01.518" endtime="20230915 12:31:01.967"/>
</kw>
<status status="PASS" starttime="20230915 12:31:01.281" endtime="20230915 12:31:01.967"/>
</kw>
<kw name="Get fixture" library="base">
<var>${data}</var>
<arg>tasks</arg>
<arg>create</arg>
<kw name="Load Json From File" library="JSONLibrary">
<var>${data}</var>
<arg>${EXECDIR}/resources/fixtures/tasks.json</arg>
<arg>encoding=utf-8</arg>
<doc>Load JSON from file.</doc>
<msg timestamp="20230915 12:31:01.969" level="INFO">${data} = {'create': {'user': {'name': 'Dino da Silva Sauro', 'email': 'sauro@apple.com', 'password': 'pwd123'}, 'task': {'name': 'Cria a tarefa para Dino da Silva Sauro', 'tasks': ['Árvore', 'Caçar', 'Baby']}}...</msg>
<status status="PASS" starttime="20230915 12:31:01.969" endtime="20230915 12:31:01.970"/>
</kw>
<msg timestamp="20230915 12:31:01.970" level="INFO">${data} = {'user': {'name': 'Dino da Silva Sauro', 'email': 'sauro@apple.com', 'password': 'pwd123'}, 'task': {'name': 'Cria a tarefa para Dino da Silva Sauro', 'tasks': ['Árvore', 'Caçar', 'Baby']}}</msg>
<status status="PASS" starttime="20230915 12:31:01.968" endtime="20230915 12:31:01.970"/>
</kw>
<kw name="Clean user from database" library="database">
<arg>${data}[user][email]</arg>
<status status="PASS" starttime="20230915 12:31:01.972" endtime="20230915 12:31:03.154"/>
</kw>
<kw name="Insert users from database" library="database">
<arg>${data}[user]</arg>
<msg timestamp="20230915 12:31:03.311" level="INFO">{'name': 'Dino da Silva Sauro', 'email': 'sauro@apple.com', 'password': 'pwd123'}</msg>
<status status="PASS" starttime="20230915 12:31:03.155" endtime="20230915 12:31:03.312"/>
</kw>
<kw name="Submit login form" library="LoginPage">
<arg>${data}[user]</arg>
<kw name="Fill Text" library="Browser">
<arg>css=input[placeholder$=mail]</arg>
<arg>${user}[email]</arg>
<tag>PageContent</tag>
<tag>Setter</tag>
<doc>Clears and fills the given ``txt`` into the text field found by ``selector``.</doc>
<msg timestamp="20230915 12:31:03.313" level="INFO">Fills the text 'sauro@apple.com' in the given field.</msg>
<status status="PASS" starttime="20230915 12:31:03.313" endtime="20230915 12:31:03.350"/>
</kw>
<kw name="Fill Text" library="Browser">
<arg>css=input[placeholder=Senha]</arg>
<arg>${user}[password]</arg>
<tag>PageContent</tag>
<tag>Setter</tag>
<doc>Clears and fills the given ``txt`` into the text field found by ``selector``.</doc>
<msg timestamp="20230915 12:31:03.351" level="INFO">Fills the text 'pwd123' in the given field.</msg>
<status status="PASS" starttime="20230915 12:31:03.350" endtime="20230915 12:31:03.365"/>
</kw>
<kw name="Click" library="Browser">
<arg>css=button &gt;&gt; text=Entrar</arg>
<tag>PageContent</tag>
<tag>Setter</tag>
<doc>Simulates mouse click on the element found by ``selector``.</doc>
<status status="PASS" starttime="20230915 12:31:03.366" endtime="20230915 12:31:03.401"/>
</kw>
<status status="PASS" starttime="20230915 12:31:03.312" endtime="20230915 12:31:03.401"/>
</kw>
<kw name="User should be logged in" library="Header">
<arg>${data}[user][name]</arg>
<kw name="Split String" library="String">
<var>@{splited_name}</var>
<arg>${name}</arg>
<doc>Splits the ``string`` using ``separator`` as a delimiter string.</doc>
<msg timestamp="20230915 12:31:03.403" level="INFO">@{splited_name} = [ Dino | da | Silva | Sauro ]</msg>
<status status="PASS" starttime="20230915 12:31:03.402" endtime="20230915 12:31:03.403"/>
</kw>
<kw name="Set Variable" library="BuiltIn">
<var>${element}</var>
<arg>css=header .right small</arg>
<doc>Returns the given values which can then be assigned to a variables.</doc>
<msg timestamp="20230915 12:31:03.403" level="INFO">${element} = css=header .right small</msg>
<status status="PASS" starttime="20230915 12:31:03.403" endtime="20230915 12:31:03.404"/>
</kw>
<kw name="Wait For Elements State" library="Browser">
<arg>${element}</arg>
<arg>visible</arg>
<arg>5</arg>
<tag>PageContent</tag>
<tag>Wait</tag>
<doc>Waits for the element found by ``selector`` to satisfy state option.</doc>
<msg timestamp="20230915 12:31:03.605" level="INFO">Waited for Element with selector css=header .right small at state visible</msg>
<status status="PASS" starttime="20230915 12:31:03.404" endtime="20230915 12:31:03.605"/>
</kw>
<kw name="Get Text" library="Browser">
<arg>${element}</arg>
<arg>equal</arg>
<arg>Olá, ${splited_name}[0]</arg>
<tag>Assertion</tag>
<tag>Getter</tag>
<tag>PageContent</tag>
<doc>Returns text attribute of the element found by ``selector``.</doc>
<msg timestamp="20230915 12:31:03.625" level="INFO">Text: 'Olá, Dino'</msg>
<status status="PASS" starttime="20230915 12:31:03.606" endtime="20230915 12:31:03.626"/>
</kw>
<status status="PASS" starttime="20230915 12:31:03.402" endtime="20230915 12:31:03.626"/>
</kw>
<kw name="Go to task form" library="Header">
<kw name="Click" library="Browser">
<arg>css=.button-add</arg>
<tag>PageContent</tag>
<tag>Setter</tag>
<doc>Simulates mouse click on the element found by ``selector``.</doc>
<status status="PASS" starttime="20230915 12:31:03.627" endtime="20230915 12:31:03.660"/>
</kw>
<status status="PASS" starttime="20230915 12:31:03.627" endtime="20230915 12:31:03.660"/>
</kw>
<kw name="Submit task form" library="TaskCreatePage">
<arg>${data}[task]</arg>
<kw name="Fill Text" library="Browser">
<arg>css=input[placeholder$=tarefa]</arg>
<arg>${task}[name]</arg>
<tag>PageContent</tag>
<tag>Setter</tag>
<doc>Clears and fills the given ``txt`` into the text field found by ``selector``.</doc>
<msg timestamp="20230915 12:31:03.662" level="INFO">Fills the text 'Cria a tarefa para Dino da Silva Sauro' in the given field.</msg>
<status status="PASS" starttime="20230915 12:31:03.661" endtime="20230915 12:31:03.674"/>
</kw>
<kw name="Click" library="Browser">
<arg>css=button &gt;&gt; text=Cadastrar</arg>
<tag>PageContent</tag>
<tag>Setter</tag>
<doc>Simulates mouse click on the element found by ``selector``.</doc>
<status status="PASS" starttime="20230915 12:31:03.675" endtime="20230915 12:31:03.735"/>
</kw>
<status status="PASS" starttime="20230915 12:31:03.661" endtime="20230915 12:31:03.736"/>
</kw>
<kw name="Task should be registred" library="TasksPage">
<arg>${data}[task][name]</arg>
<kw name="Wait For Elements State" library="Browser">
<arg>css=.task-todo &gt;&gt; text=${task_name}</arg>
<arg>visible</arg>
<arg>5</arg>
<tag>PageContent</tag>
<tag>Wait</tag>
<doc>Waits for the element found by ``selector`` to satisfy state option.</doc>
<msg timestamp="20230915 12:31:04.575" level="INFO">Waited for Element with selector css=.task-todo &gt;&gt; text=Cria a tarefa para Dino da Silva Sauro at state visible</msg>
<status status="PASS" starttime="20230915 12:31:03.737" endtime="20230915 12:31:04.575"/>
</kw>
<status status="PASS" starttime="20230915 12:31:03.736" endtime="20230915 12:31:04.575"/>
</kw>
<kw name="Take Screenshot" library="Browser" type="TEARDOWN">
<tag>PageContent</tag>
<doc>Takes a screenshot of the current window or element and saves it to disk.</doc>
<msg timestamp="20230915 12:31:04.767" level="INFO" html="true">&lt;/td&gt;&lt;/tr&gt;&lt;tr&gt;&lt;td colspan="3"&gt;&lt;a href="browser/screenshot/robotframework-browser-screenshot-1.png" target="_blank"&gt;&lt;img src="browser/screenshot/robotframework-browser-screenshot-1.png" width="800px"/&gt;&lt;/a&gt;</msg>
<status status="PASS" starttime="20230915 12:31:04.576" endtime="20230915 12:31:04.767"/>
</kw>
<status status="PASS" starttime="20230915 12:31:01.279" endtime="20230915 12:31:04.768"/>
</test>
<doc>Cenários de cadastro de tarefas</doc>
<status status="PASS" starttime="20230915 12:31:00.034" endtime="20230915 12:31:04.807"/>
</suite>
<status status="PASS" starttime="20230915 12:31:00.032" endtime="20230915 12:31:04.812"/>
</suite>
<status status="PASS" starttime="20230915 12:31:00.029" endtime="20230915 12:31:04.813"/>
</suite>
<status status="PASS" starttime="20230915 12:31:00.014" endtime="20230915 12:31:04.814"/>
</suite>
<statistics>
<total>
<stat pass="1" fail="0" skip="0">All Tests</stat>
</total>
<tag>
</tag>
<suite>
<stat pass="1" fail="0" skip="0" id="s1" name="Mark85-Robot-Express">Mark85-Robot-Express</stat>
<stat pass="1" fail="0" skip="0" id="s1-s1" name="Tests">Mark85-Robot-Express.Tests</stat>
<stat pass="1" fail="0" skip="0" id="s1-s1-s1" name="Tasks">Mark85-Robot-Express.Tests.Tasks</stat>
<stat pass="1" fail="0" skip="0" id="s1-s1-s1-s1" name="Create">Mark85-Robot-Express.Tests.Tasks.Create</stat>
</suite>
</statistics>
<errors>
</errors>
</robot>
